

2025-01-20 21:19:50.127 [main] INFO  Main - Programm has been launched
2025-01-20 21:19:55.558 [main] INFO  Main - File is chosen
2025-01-20 21:19:55.566 [main] INFO  FileHandlersFactoryPattern.YAMLHandler - YAML file processing has started
2025-01-20 21:19:56.708 [main] INFO  FileHandlersFactoryPattern.YAMLHandler - YAML file processing has finished
2025-01-20 21:19:56.714 [main] INFO  Main - Programm has finished without any problems
2025-01-20 21:57:32.598 [main] INFO  Main - Programm has been launched
2025-01-20 21:57:41.021 [main] INFO  Main - File is chosen
2025-01-20 21:57:41.047 [main] INFO  FileHandlersFactoryPattern.JSONHandler - JSON file processing has started
2025-01-20 21:57:41.103 [main] INFO  FileHandlersFactoryPattern.JSONHandler - JSON file processing has finished
2025-01-20 21:57:41.109 [main] INFO  Main - Programm has finished without any problems
2025-01-20 21:58:03.472 [main] INFO  Main - Programm has been launched
2025-01-20 21:58:11.589 [main] INFO  Main - File is chosen
2025-01-20 21:58:11.597 [main] INFO  FileHandlersFactoryPattern.TextHandler - TEXT file processing has started
2025-01-20 21:59:35.427 [main] INFO  Main - Programm has been launched
2025-01-20 21:59:46.907 [main] INFO  Main - File is chosen
2025-01-20 21:59:46.915 [main] INFO  FileHandlersFactoryPattern.TextHandler - TEXT file processing has started
2025-01-20 21:59:46.971 [main] DEBUG FileHandlersFactoryPattern.TextHandler - Ariеhmetic operation's list is empty
2025-01-20 21:59:46.974 [main] INFO  FileHandlersFactoryPattern.TextHandler - TEXT file processing has finished
2025-01-20 21:59:46.980 [main] INFO  Main - Programm has finished without any problems
2025-01-20 22:10:30.189 [main] INFO  Main - Programm has been launched
2025-01-20 22:10:40.051 [main] INFO  Main - File is chosen
2025-01-20 22:10:40.060 [main] INFO  FileHandlersFactoryPattern.YAMLHandler - YAML file processing has started
2025-01-20 22:10:41.002 [main] INFO  FileHandlersFactoryPattern.YAMLHandler - YAML file processing has finished
2025-01-20 22:10:41.008 [main] INFO  Main - Programm has finished without any problems
2025-01-20 22:14:20.806 [main] INFO  Main - Programm has been launched
2025-01-20 22:14:29.585 [main] INFO  Main - File is chosen
2025-01-20 22:14:29.593 [main] INFO  FileHandlersFactoryPattern.XMLHandler - XML file processing has started
2025-01-20 22:14:30.039 [main] INFO  FileHandlersFactoryPattern.XMLHandler - XML file processing has finished
2025-01-20 22:14:30.043 [main] INFO  Main - Programm has finished without any problems
2025-01-21 00:59:21.298 [main] INFO  Main - Programm has been launched
2025-01-21 00:59:27.875 [main] INFO  Main - File is chosen
2025-01-21 00:59:27.886 [main] INFO  FileHandlersFactoryPattern.XMLHandler - XML file processing has started
2025-01-21 00:59:28.392 [main] INFO  FileHandlersFactoryPattern.XMLHandler - XML file processing has finished
2025-01-21 00:59:28.398 [main] INFO  Main - Programm has finished without any problems
2025-01-21 01:03:46.547 [main] INFO  Main - Programm has been launched
2025-01-21 01:03:52.559 [main] INFO  Main - Programm has been launched
2025-01-21 01:04:05.943 [main] INFO  Main - File is chosen
2025-01-21 01:04:05.950 [main] INFO  FileHandlersFactoryPattern.TextHandler - TEXT file processing has started
2025-01-21 01:04:06.006 [main] DEBUG FileHandlersFactoryPattern.TextHandler - Ariеhmetic operation's list is empty
2025-01-21 01:04:06.008 [main] INFO  FileHandlersFactoryPattern.TextHandler - TEXT file processing has finished
2025-01-21 01:04:06.011 [main] INFO  Main - Programm has finished without any problems
2025-01-21 01:04:07.540 [main] INFO  Main - File is chosen
2025-01-21 01:04:07.549 [main] INFO  FileHandlersFactoryPattern.TextHandler - TEXT file processing has started
2025-01-21 01:04:07.604 [main] DEBUG FileHandlersFactoryPattern.TextHandler - Ariеhmetic operation's list is empty
2025-01-21 01:04:07.606 [main] INFO  FileHandlersFactoryPattern.TextHandler - TEXT file processing has finished
2025-01-21 01:04:07.610 [main] INFO  Main - Programm has finished without any problems
2025-01-21 01:40:19.619 [main] INFO  Main - Programm has been launched
2025-01-21 01:40:25.814 [main] INFO  Main - File is chosen
2025-01-21 01:40:25.821 [main] INFO  FileHandlersFactoryPattern.YAMLHandler - YAML file processing has started
2025-01-21 01:40:26.906 [main] INFO  FileHandlersFactoryPattern.YAMLHandler - YAML file processing has finished
2025-01-21 01:40:26.912 [main] INFO  Main - Programm has finished without any problems
2025-01-21 01:47:42.406 [main] INFO  Main - Programm has been launched
2025-01-21 01:47:58.252 [main] INFO  Main - File is chosen
2025-01-21 01:47:58.259 [main] INFO  FileHandlersFactoryPattern.XMLHandler - XML file processing has started
2025-01-21 01:47:58.756 [main] INFO  FileHandlersFactoryPattern.XMLHandler - XML file processing has finished
2025-01-21 01:47:58.761 [main] INFO  Main - Programm has finished without any problems
2025-01-21 01:50:28.528 [main] INFO  Main - Programm has been launched
2025-01-21 01:50:37.405 [main] INFO  Main - File is chosen
2025-01-21 01:50:37.435 [main] INFO  FileHandlersFactoryPattern.JSONHandler - JSON file processing has started
2025-01-21 01:50:37.483 [main] INFO  FileHandlersFactoryPattern.JSONHandler - JSON file processing has finished
2025-01-21 01:50:37.489 [main] INFO  Main - Programm has finished without any problems
2025-01-21 03:13:11.691 [main] INFO  Main - Programm has been launched
2025-01-21 03:13:16.330 [main] INFO  Main - Programm has been launched
2025-01-21 03:13:20.020 [main] WARN  Main - File isn't chosen
2025-01-21 03:13:35.952 [main] INFO  Main - File is chosen
2025-01-21 03:13:35.963 [main] INFO  FileHandlersFactoryPattern.TextHandler - TEXT file processing has started
2025-01-21 03:13:36.016 [main] DEBUG FileHandlersFactoryPattern.TextHandler - Ariеhmetic operation's list is empty
2025-01-21 03:13:36.019 [main] INFO  FileHandlersFactoryPattern.TextHandler - TEXT file processing has finished
2025-01-21 03:13:54.252 [main] INFO  Main - Programm has finished without any problems
2025-01-21 03:24:01.368 [main] INFO  Main - Programm has been launched
2025-01-21 03:24:08.619 [main] INFO  Main - File is chosen
2025-01-21 03:24:08.645 [main] INFO  FileHandlersFactoryPattern.JSONHandler - JSON file processing has started
2025-01-21 03:24:08.703 [main] INFO  FileHandlersFactoryPattern.JSONHandler - JSON file processing has finished
2025-01-21 03:24:15.747 [main] INFO  Main - Programm has finished without any problems
2025-01-21 03:25:39.662 [main] INFO  Main - Programm has been launched
2025-01-21 03:25:46.472 [main] INFO  Main - File is chosen
2025-01-21 03:25:46.499 [main] INFO  FileHandlersFactoryPattern.JSONHandler - JSON file processing has started
2025-01-21 03:25:46.561 [main] INFO  FileHandlersFactoryPattern.JSONHandler - JSON file processing has finished
2025-01-21 03:25:50.489 [main] INFO  Main - Programm has finished without any problems
2025-01-21 03:30:12.176 [main] INFO  Main - Programm has been launched
2025-01-21 03:30:18.461 [main] INFO  Main - File is chosen
2025-01-21 03:30:18.470 [main] INFO  FileHandlersFactoryPattern.YAMLHandler - YAML file processing has started
2025-01-21 03:30:19.472 [main] INFO  FileHandlersFactoryPattern.YAMLHandler - YAML file processing has finished
2025-01-21 03:30:24.632 [main] INFO  Main - Programm has finished without any problems
2025-01-21 03:34:45.184 [main] INFO  Main - Programm has been launched
2025-01-21 03:34:48.161 [main] INFO  Main - Programm has been launched
2025-01-21 03:34:50.111 [main] WARN  Main - File isn't chosen
2025-01-21 03:34:53.205 [main] WARN  Main - File isn't chosen
2025-01-21 03:34:53.502 [main] INFO  Main - Programm has been launched
2025-01-21 03:34:57.367 [main] WARN  Main - File isn't chosen
2025-01-21 03:35:06.834 [main] INFO  Main - Programm has been launched
2025-01-21 03:35:12.836 [main] INFO  Main - File is chosen
2025-01-21 03:35:12.842 [main] INFO  FileHandlersFactoryPattern.XMLHandler - XML file processing has started
2025-01-21 03:35:13.301 [main] INFO  FileHandlersFactoryPattern.XMLHandler - XML file processing has finished
2025-01-21 03:35:16.250 [main] INFO  Main - Programm has finished without any problems
2025-01-21 03:37:23.725 [main] INFO  Main - Programm has been launched
2025-01-21 03:37:38.088 [main] INFO  Main - File is chosen
2025-01-21 03:37:38.095 [main] INFO  FileHandlersFactoryPattern.TextHandler - TEXT file processing has started
2025-01-21 03:37:38.147 [main] DEBUG FileHandlersFactoryPattern.TextHandler - Ariеhmetic operation's list is empty
2025-01-21 03:37:38.149 [main] INFO  FileHandlersFactoryPattern.TextHandler - TEXT file processing has finished
2025-01-21 03:37:41.351 [main] INFO  Main - Programm has finished without any problems
2025-01-21 03:37:50.529 [main] INFO  Main - Programm has been launched
2025-01-21 03:37:56.631 [main] INFO  Main - File is chosen
2025-01-21 03:37:56.639 [main] INFO  FileHandlersFactoryPattern.XMLHandler - XML file processing has started
2025-01-21 03:37:57.164 [main] INFO  FileHandlersFactoryPattern.XMLHandler - XML file processing has finished
2025-01-21 03:38:02.547 [main] INFO  Main - Programm has finished without any problems
2025-01-21 03:39:35.838 [main] INFO  Main - Programm has been launched
2025-01-21 03:39:45.296 [main] INFO  Main - File is chosen
2025-01-21 03:39:45.305 [main] INFO  FileHandlersFactoryPattern.YAMLHandler - YAML file processing has started
2025-01-21 03:39:46.521 [main] INFO  FileHandlersFactoryPattern.YAMLHandler - YAML file processing has finished
2025-01-21 03:39:53.870 [main] INFO  Main - Programm has finished without any problems
2025-01-21 03:40:14.310 [main] INFO  Main - Programm has been launched
2025-01-21 03:40:28.888 [main] INFO  Main - File is chosen
2025-01-21 03:40:28.895 [main] INFO  FileHandlersFactoryPattern.XMLHandler - XML file processing has started
2025-01-21 03:40:29.444 [main] INFO  FileHandlersFactoryPattern.XMLHandler - XML file processing has finished
2025-01-21 03:43:20.513 [main] INFO  Main - Programm has finished without any problems
2025-01-21 03:43:27.229 [main] INFO  Main - Programm has been launched
2025-01-21 03:43:33.313 [main] INFO  Main - File is chosen
2025-01-21 03:43:33.322 [main] INFO  FileHandlersFactoryPattern.YAMLHandler - YAML file processing has started
2025-01-21 03:43:34.487 [main] INFO  FileHandlersFactoryPattern.YAMLHandler - YAML file processing has finished
2025-01-21 03:45:11.532 [main] INFO  Main - Programm has finished without any problems
2025-01-21 03:45:25.288 [main] INFO  Main - Programm has been launched
2025-01-21 03:45:31.455 [main] INFO  Main - File is chosen
2025-01-21 03:45:31.463 [main] INFO  FileHandlersFactoryPattern.XMLHandler - XML file processing has started
2025-01-21 03:45:31.964 [main] INFO  FileHandlersFactoryPattern.XMLHandler - XML file processing has finished
2025-01-21 03:45:35.376 [main] INFO  Main - Programm has finished without any problems
2025-01-21 03:46:32.219 [main] INFO  Main - Programm has been launched
2025-01-21 03:46:37.808 [main] INFO  Main - File is chosen
2025-01-21 03:46:37.817 [main] INFO  FileHandlersFactoryPattern.YAMLHandler - YAML file processing has started
2025-01-21 03:46:38.988 [main] INFO  FileHandlersFactoryPattern.YAMLHandler - YAML file processing has finished
2025-01-21 03:47:52.827 [main] INFO  Main - Programm has finished without any problems
2025-01-21 03:57:05.511 [main] INFO  Main - Programm has been launched
2025-01-21 03:57:11.912 [main] INFO  Main - File is chosen
2025-01-21 03:57:11.921 [main] INFO  FileHandlersFactoryPattern.XMLHandler - XML file processing has started
2025-01-21 03:57:12.413 [main] INFO  FileHandlersFactoryPattern.XMLHandler - XML file processing has finished
2025-01-21 03:57:15.036 [main] INFO  Main - Programm has finished without any problems
2025-01-21 04:01:53.925 [main] INFO  Main - Programm has been launched
2025-01-21 04:01:59.183 [main] INFO  Main - File is chosen
2025-01-21 04:01:59.191 [main] INFO  FileHandlersFactoryPattern.YAMLHandler - YAML file processing has started
2025-01-21 04:02:00.178 [main] INFO  FileHandlersFactoryPattern.YAMLHandler - YAML file processing has finished
2025-01-21 04:02:02.364 [main] INFO  Main - Programm has finished without any problems
2025-01-21 04:02:35.273 [main] INFO  Main - Programm has been launched
2025-01-21 04:02:40.172 [main] INFO  Main - File is chosen
2025-01-21 04:02:40.181 [main] INFO  FileHandlersFactoryPattern.XMLHandler - XML file processing has started
2025-01-21 04:02:40.670 [main] INFO  FileHandlersFactoryPattern.XMLHandler - XML file processing has finished
2025-01-21 04:02:42.933 [main] INFO  Main - Programm has finished without any problems
2025-01-21 04:03:55.634 [main] INFO  Main - Programm has been launched
2025-01-21 04:04:00.688 [main] INFO  Main - File is chosen
2025-01-21 04:04:00.714 [main] INFO  FileHandlersFactoryPattern.JSONHandler - JSON file processing has started
2025-01-21 04:04:00.764 [main] INFO  FileHandlersFactoryPattern.JSONHandler - JSON file processing has finished
2025-01-21 04:04:03.565 [main] INFO  Main - Programm has finished without any problems
2025-01-21 04:18:05.855 [main] INFO  Main - Programm has been launched
2025-01-21 04:18:13.308 [main] INFO  Main - File is chosen
2025-01-21 04:18:13.342 [main] INFO  FileHandlersFactoryPattern.JSONHandler - JSON file processing has started
2025-01-21 04:18:13.416 [main] INFO  FileHandlersFactoryPattern.JSONHandler - JSON file processing has finished
2025-01-21 04:18:15.946 [main] INFO  Main - Programm has finished without any problems
2025-01-21 04:20:50.469 [main] INFO  Main - Programm has been launched
2025-01-21 04:21:03.368 [main] INFO  Main - File is chosen
2025-01-21 04:21:03.376 [main] INFO  FileHandlersFactoryPattern.XMLHandler - XML file processing has started
2025-01-21 04:21:03.843 [main] INFO  FileHandlersFactoryPattern.XMLHandler - XML file processing has finished
2025-01-21 04:21:08.153 [main] INFO  Main - Programm has finished without any problems
2025-01-21 04:36:38.418 [main] INFO  Main - Programm has been launched
2025-01-21 04:36:47.122 [main] INFO  Main - File is chosen
2025-01-21 04:36:47.129 [main] INFO  FileHandlersFactoryPattern.YAMLHandler - YAML file processing has started
2025-01-21 04:36:48.219 [main] INFO  FileHandlersFactoryPattern.YAMLHandler - YAML file processing has finished
2025-01-21 04:37:52.102 [main] INFO  Main - Programm has been launched
2025-01-21 04:37:58.144 [main] INFO  Main - File is chosen
2025-01-21 04:37:58.151 [main] INFO  FileHandlersFactoryPattern.YAMLHandler - YAML file processing has started
2025-01-21 04:37:59.162 [main] INFO  FileHandlersFactoryPattern.YAMLHandler - YAML file processing has finished
2025-01-21 04:41:44.701 [main] INFO  Main - Programm has been launched
2025-01-21 04:42:08.480 [main] INFO  Main - File is chosen
2025-01-21 04:42:08.487 [main] INFO  FileHandlersFactoryPattern.YAMLHandler - YAML file processing has started
2025-01-21 04:42:09.504 [main] INFO  FileHandlersFactoryPattern.YAMLHandler - YAML file processing has finished
2025-01-21 04:42:13.576 [main] INFO  Main - Programm has finished without any problems
